13:40:00.422 default [main] INFO  com.chuanfangn.sell.SellApplication - Starting SellApplication on PC-201807051803 with PID 3824 (E:\workspace\sell\target\classes started by Administrator in E:\workspace\sell)
13:40:00.425 default [main] INFO  com.chuanfangn.sell.SellApplication - The following profiles are active: dev
13:40:01.082 default [main] INFO  o.s.d.r.c.RepositoryConfigurationDelegate - Bootstrapping Spring Data repositories in DEFAULT mode.
13:40:01.101 default [main] INFO  o.s.d.r.c.RepositoryConfigurationDelegate - Finished Spring Data repository scanning in 12ms. Found 0 repository interfaces.
13:40:01.399 default [main] INFO  o.s.c.s.PostProcessorRegistrationDelegate$BeanPostProcessorChecker - Bean 'org.springframework.transaction.annotation.ProxyTransactionManagementConfiguration' of type [org.springframework.transaction.annotation.ProxyTransactionManagementConfiguration$$EnhancerBySpringCGLIB$$f7977aaf] is not eligible for getting processed by all BeanPostProcessors (for example: not eligible for auto-proxying)
13:40:01.780 default [main] INFO  o.s.b.w.e.tomcat.TomcatWebServer - Tomcat initialized with port(s): 80 (http)
13:40:01.793 default [main] INFO  o.a.coyote.http11.Http11NioProtocol - Initializing ProtocolHandler ["http-nio-80"]
13:40:01.803 default [main] INFO  o.a.catalina.core.StandardService - Starting service [Tomcat]
13:40:01.803 default [main] INFO  o.a.catalina.core.StandardEngine - Starting Servlet engine: [Apache Tomcat/9.0.17]
13:40:01.908 default [main] INFO  o.a.c.c.C.[Tomcat].[localhost].[/] - Initializing Spring embedded WebApplicationContext
13:40:01.909 default [main] INFO  o.s.web.context.ContextLoader - Root WebApplicationContext: initialization completed in 1381 ms
13:40:02.094 default [main] INFO  com.zaxxer.hikari.HikariDataSource - HikariPool-1 - Starting...
13:40:02.206 default [main] INFO  com.zaxxer.hikari.HikariDataSource - HikariPool-1 - Start completed.
13:40:02.346 default [main] INFO  o.h.jpa.internal.util.LogHelper - HHH000204: Processing PersistenceUnitInfo [
	name: default
	...]
13:40:02.399 default [main] INFO  org.hibernate.Version - HHH000412: Hibernate Core {5.3.9.Final}
13:40:02.400 default [main] INFO  org.hibernate.cfg.Environment - HHH000206: hibernate.properties not found
13:40:02.506 default [main] INFO  o.h.annotations.common.Version - HCANN000001: Hibernate Commons Annotations {5.0.4.Final}
13:40:02.611 default [main] INFO  org.hibernate.dialect.Dialect - HHH000400: Using dialect: org.hibernate.dialect.MySQL5Dialect
13:40:02.779 default [main] INFO  o.s.o.j.LocalContainerEntityManagerFactoryBean - Initialized JPA EntityManagerFactory for persistence unit 'default'
13:40:02.965 default [main] INFO  o.s.s.c.ThreadPoolTaskExecutor - Initializing ExecutorService 'applicationTaskExecutor'
13:40:02.998 default [main] WARN  o.s.b.a.o.j.JpaBaseConfiguration$JpaWebConfiguration$JpaWebMvcConfiguration - spring.jpa.open-in-view is enabled by default. Therefore, database queries may be performed during view rendering. Explicitly configure spring.jpa.open-in-view to disable this warning
13:40:03.173 default [main] INFO  o.a.coyote.http11.Http11NioProtocol - Starting ProtocolHandler ["http-nio-80"]
13:40:03.196 default [main] INFO  o.s.b.w.e.tomcat.TomcatWebServer - Tomcat started on port(s): 80 (http) with context path ''
13:40:03.199 default [main] INFO  com.chuanfangn.sell.SellApplication - Started SellApplication in 3.524 seconds (JVM running for 5.053)
13:40:21.003 default [http-nio-80-exec-1] INFO  o.a.c.c.C.[Tomcat].[localhost].[/] - Initializing Spring DispatcherServlet 'dispatcherServlet'
13:40:21.004 default [http-nio-80-exec-1] INFO  o.s.web.servlet.DispatcherServlet - Initializing Servlet 'dispatcherServlet'
13:40:21.012 default [http-nio-80-exec-1] INFO  o.s.web.servlet.DispatcherServlet - Completed initialization in 8 ms
13:40:55.606 default [main] INFO  com.chuanfangn.sell.SellApplication - Starting SellApplication on PC-201807051803 with PID 3312 (E:\workspace\sell\target\classes started by Administrator in E:\workspace\sell)
13:40:55.608 default [main] INFO  com.chuanfangn.sell.SellApplication - The following profiles are active: dev
13:40:56.265 default [main] INFO  o.s.d.r.c.RepositoryConfigurationDelegate - Bootstrapping Spring Data repositories in DEFAULT mode.
13:40:56.287 default [main] INFO  o.s.d.r.c.RepositoryConfigurationDelegate - Finished Spring Data repository scanning in 14ms. Found 0 repository interfaces.
13:40:56.597 default [main] INFO  o.s.c.s.PostProcessorRegistrationDelegate$BeanPostProcessorChecker - Bean 'org.springframework.transaction.annotation.ProxyTransactionManagementConfiguration' of type [org.springframework.transaction.annotation.ProxyTransactionManagementConfiguration$$EnhancerBySpringCGLIB$$d173ccce] is not eligible for getting processed by all BeanPostProcessors (for example: not eligible for auto-proxying)
13:40:56.893 default [main] INFO  o.s.b.w.e.tomcat.TomcatWebServer - Tomcat initialized with port(s): 80 (http)
13:40:56.907 default [main] INFO  o.a.coyote.http11.Http11NioProtocol - Initializing ProtocolHandler ["http-nio-80"]
13:40:56.919 default [main] INFO  o.a.catalina.core.StandardService - Starting service [Tomcat]
13:40:56.919 default [main] INFO  o.a.catalina.core.StandardEngine - Starting Servlet engine: [Apache Tomcat/9.0.17]
13:40:57.043 default [main] INFO  o.a.c.c.C.[Tomcat].[localhost].[/] - Initializing Spring embedded WebApplicationContext
13:40:57.043 default [main] INFO  o.s.web.context.ContextLoader - Root WebApplicationContext: initialization completed in 1345 ms
13:40:57.217 default [main] INFO  com.zaxxer.hikari.HikariDataSource - HikariPool-1 - Starting...
13:40:57.318 default [main] INFO  com.zaxxer.hikari.HikariDataSource - HikariPool-1 - Start completed.
13:40:57.455 default [main] INFO  o.h.jpa.internal.util.LogHelper - HHH000204: Processing PersistenceUnitInfo [
	name: default
	...]
13:40:57.509 default [main] INFO  org.hibernate.Version - HHH000412: Hibernate Core {5.3.9.Final}
13:40:57.510 default [main] INFO  org.hibernate.cfg.Environment - HHH000206: hibernate.properties not found
13:40:57.619 default [main] INFO  o.h.annotations.common.Version - HCANN000001: Hibernate Commons Annotations {5.0.4.Final}
13:40:57.726 default [main] INFO  org.hibernate.dialect.Dialect - HHH000400: Using dialect: org.hibernate.dialect.MySQL5Dialect
13:40:57.886 default [main] INFO  o.s.o.j.LocalContainerEntityManagerFactoryBean - Initialized JPA EntityManagerFactory for persistence unit 'default'
13:40:58.074 default [main] INFO  o.s.s.c.ThreadPoolTaskExecutor - Initializing ExecutorService 'applicationTaskExecutor'
13:40:58.108 default [main] WARN  o.s.b.a.o.j.JpaBaseConfiguration$JpaWebConfiguration$JpaWebMvcConfiguration - spring.jpa.open-in-view is enabled by default. Therefore, database queries may be performed during view rendering. Explicitly configure spring.jpa.open-in-view to disable this warning
13:40:58.168 default [main] INFO  o.s.b.a.w.s.WelcomePageHandlerMapping - Adding welcome page: class path resource [static/index.html]
13:40:58.276 default [main] INFO  o.a.coyote.http11.Http11NioProtocol - Starting ProtocolHandler ["http-nio-80"]
13:40:58.299 default [main] INFO  o.s.b.w.e.tomcat.TomcatWebServer - Tomcat started on port(s): 80 (http) with context path ''
13:40:58.302 default [main] INFO  com.chuanfangn.sell.SellApplication - Started SellApplication in 3.238 seconds (JVM running for 4.163)
13:41:11.360 default [http-nio-80-exec-1] INFO  o.a.c.c.C.[Tomcat].[localhost].[/] - Initializing Spring DispatcherServlet 'dispatcherServlet'
13:41:11.361 default [http-nio-80-exec-1] INFO  o.s.web.servlet.DispatcherServlet - Initializing Servlet 'dispatcherServlet'
13:41:11.368 default [http-nio-80-exec-1] INFO  o.s.web.servlet.DispatcherServlet - Completed initialization in 7 ms
14:05:25.758 default [main] INFO  com.chuanfangn.sell.SellApplication - Starting SellApplication on PC-201807051803 with PID 3464 (E:\workspace\sell\target\classes started by Administrator in E:\workspace\sell)
14:05:25.761 default [main] INFO  com.chuanfangn.sell.SellApplication - The following profiles are active: dev
14:05:26.419 default [main] INFO  o.s.d.r.c.RepositoryConfigurationDelegate - Bootstrapping Spring Data repositories in DEFAULT mode.
14:05:26.478 default [main] INFO  o.s.d.r.c.RepositoryConfigurationDelegate - Finished Spring Data repository scanning in 52ms. Found 1 repository interfaces.
14:05:26.794 default [main] INFO  o.s.c.s.PostProcessorRegistrationDelegate$BeanPostProcessorChecker - Bean 'org.springframework.transaction.annotation.ProxyTransactionManagementConfiguration' of type [org.springframework.transaction.annotation.ProxyTransactionManagementConfiguration$$EnhancerBySpringCGLIB$$a631185e] is not eligible for getting processed by all BeanPostProcessors (for example: not eligible for auto-proxying)
14:05:27.106 default [main] INFO  o.s.b.w.e.tomcat.TomcatWebServer - Tomcat initialized with port(s): 80 (http)
14:05:27.120 default [main] INFO  o.a.coyote.http11.Http11NioProtocol - Initializing ProtocolHandler ["http-nio-80"]
14:05:27.130 default [main] INFO  o.a.catalina.core.StandardService - Starting service [Tomcat]
14:05:27.130 default [main] INFO  o.a.catalina.core.StandardEngine - Starting Servlet engine: [Apache Tomcat/9.0.17]
14:05:27.277 default [main] INFO  o.a.c.c.C.[Tomcat].[localhost].[/] - Initializing Spring embedded WebApplicationContext
14:05:27.278 default [main] INFO  o.s.web.context.ContextLoader - Root WebApplicationContext: initialization completed in 1419 ms
14:05:27.446 default [main] INFO  com.zaxxer.hikari.HikariDataSource - HikariPool-1 - Starting...
14:05:27.633 default [main] INFO  com.zaxxer.hikari.HikariDataSource - HikariPool-1 - Start completed.
14:05:27.682 default [main] INFO  o.h.jpa.internal.util.LogHelper - HHH000204: Processing PersistenceUnitInfo [
	name: default
	...]
14:05:27.739 default [main] INFO  org.hibernate.Version - HHH000412: Hibernate Core {5.3.9.Final}
14:05:27.741 default [main] INFO  org.hibernate.cfg.Environment - HHH000206: hibernate.properties not found
14:05:27.871 default [main] INFO  o.h.annotations.common.Version - HCANN000001: Hibernate Commons Annotations {5.0.4.Final}
14:05:27.984 default [main] INFO  org.hibernate.dialect.Dialect - HHH000400: Using dialect: org.hibernate.dialect.MySQL5Dialect
14:05:28.504 default [main] INFO  o.s.o.j.LocalContainerEntityManagerFactoryBean - Initialized JPA EntityManagerFactory for persistence unit 'default'
14:05:28.919 default [main] INFO  o.s.s.c.ThreadPoolTaskExecutor - Initializing ExecutorService 'applicationTaskExecutor'
14:05:28.958 default [main] WARN  o.s.b.a.o.j.JpaBaseConfiguration$JpaWebConfiguration$JpaWebMvcConfiguration - spring.jpa.open-in-view is enabled by default. Therefore, database queries may be performed during view rendering. Explicitly configure spring.jpa.open-in-view to disable this warning
14:05:29.029 default [main] INFO  o.s.b.a.w.s.WelcomePageHandlerMapping - Adding welcome page: class path resource [static/index.html]
14:05:29.174 default [main] INFO  o.a.coyote.http11.Http11NioProtocol - Starting ProtocolHandler ["http-nio-80"]
14:05:29.195 default [main] INFO  o.s.b.w.e.tomcat.TomcatWebServer - Tomcat started on port(s): 80 (http) with context path ''
14:05:29.197 default [main] INFO  com.chuanfangn.sell.SellApplication - Started SellApplication in 4.017 seconds (JVM running for 4.894)
14:05:47.445 default [main] INFO  c.c.sell.service.MyRepositoryTest - Starting MyRepositoryTest on PC-201807051803 with PID 5220 (started by Administrator in E:\workspace\sell)
14:05:47.446 default [main] INFO  c.c.sell.service.MyRepositoryTest - The following profiles are active: dev
14:05:48.289 default [main] INFO  o.s.d.r.c.RepositoryConfigurationDelegate - Bootstrapping Spring Data repositories in DEFAULT mode.
14:05:48.359 default [main] INFO  o.s.d.r.c.RepositoryConfigurationDelegate - Finished Spring Data repository scanning in 61ms. Found 1 repository interfaces.
14:05:48.838 default [main] INFO  o.s.c.s.PostProcessorRegistrationDelegate$BeanPostProcessorChecker - Bean 'org.springframework.transaction.annotation.ProxyTransactionManagementConfiguration' of type [org.springframework.transaction.annotation.ProxyTransactionManagementConfiguration$$EnhancerBySpringCGLIB$$23df008] is not eligible for getting processed by all BeanPostProcessors (for example: not eligible for auto-proxying)
14:05:49.090 default [main] INFO  com.zaxxer.hikari.HikariDataSource - HikariPool-1 - Starting...
14:05:49.377 default [main] INFO  com.zaxxer.hikari.HikariDataSource - HikariPool-1 - Start completed.
14:05:49.466 default [main] INFO  o.h.jpa.internal.util.LogHelper - HHH000204: Processing PersistenceUnitInfo [
	name: default
	...]
14:05:49.563 default [main] INFO  org.hibernate.Version - HHH000412: Hibernate Core {5.3.9.Final}
14:05:49.565 default [main] INFO  org.hibernate.cfg.Environment - HHH000206: hibernate.properties not found
14:05:49.751 default [main] INFO  o.h.annotations.common.Version - HCANN000001: Hibernate Commons Annotations {5.0.4.Final}
14:05:50.126 default [main] INFO  org.hibernate.dialect.Dialect - HHH000400: Using dialect: org.hibernate.dialect.MySQL5Dialect
14:05:50.853 default [main] INFO  o.s.o.j.LocalContainerEntityManagerFactoryBean - Initialized JPA EntityManagerFactory for persistence unit 'default'
14:05:52.068 default [main] INFO  o.s.s.c.ThreadPoolTaskExecutor - Initializing ExecutorService 'applicationTaskExecutor'
14:05:52.143 default [main] WARN  o.s.b.a.o.j.JpaBaseConfiguration$JpaWebConfiguration$JpaWebMvcConfiguration - spring.jpa.open-in-view is enabled by default. Therefore, database queries may be performed during view rendering. Explicitly configure spring.jpa.open-in-view to disable this warning
14:05:52.306 default [main] INFO  o.s.b.a.w.s.WelcomePageHandlerMapping - Adding welcome page: class path resource [static/index.html]
14:05:52.583 default [main] INFO  c.c.sell.service.MyRepositoryTest - Started MyRepositoryTest in 5.758 seconds (JVM running for 6.824)
14:05:52.728 default [main] INFO  o.h.h.i.QueryTranslatorFactoryInitiator - HHH000397: Using ASTQueryTranslatorFactory
14:05:52.891 default [Thread-2] INFO  o.s.s.c.ThreadPoolTaskExecutor - Shutting down ExecutorService 'applicationTaskExecutor'
14:05:52.892 default [Thread-2] INFO  o.s.o.j.LocalContainerEntityManagerFactoryBean - Closing JPA EntityManagerFactory for persistence unit 'default'
14:05:52.895 default [Thread-2] INFO  com.zaxxer.hikari.HikariDataSource - HikariPool-1 - Shutdown initiated...
14:05:52.900 default [Thread-2] INFO  com.zaxxer.hikari.HikariDataSource - HikariPool-1 - Shutdown completed.
14:06:40.538 default [main] INFO  c.c.sell.service.MyRepositoryTest - Starting MyRepositoryTest on PC-201807051803 with PID 2908 (started by Administrator in E:\workspace\sell)
14:06:40.539 default [main] INFO  c.c.sell.service.MyRepositoryTest - The following profiles are active: dev
14:06:41.405 default [main] INFO  o.s.d.r.c.RepositoryConfigurationDelegate - Bootstrapping Spring Data repositories in DEFAULT mode.
14:06:41.530 default [main] INFO  o.s.d.r.c.RepositoryConfigurationDelegate - Finished Spring Data repository scanning in 104ms. Found 1 repository interfaces.
14:06:42.156 default [main] INFO  o.s.c.s.PostProcessorRegistrationDelegate$BeanPostProcessorChecker - Bean 'org.springframework.transaction.annotation.ProxyTransactionManagementConfiguration' of type [org.springframework.transaction.annotation.ProxyTransactionManagementConfiguration$$EnhancerBySpringCGLIB$$f97139c0] is not eligible for getting processed by all BeanPostProcessors (for example: not eligible for auto-proxying)
14:06:42.450 default [main] INFO  com.zaxxer.hikari.HikariDataSource - HikariPool-1 - Starting...
14:06:42.735 default [main] INFO  com.zaxxer.hikari.HikariDataSource - HikariPool-1 - Start completed.
14:06:42.824 default [main] INFO  o.h.jpa.internal.util.LogHelper - HHH000204: Processing PersistenceUnitInfo [
	name: default
	...]
14:06:42.906 default [main] INFO  org.hibernate.Version - HHH000412: Hibernate Core {5.3.9.Final}
14:06:42.907 default [main] INFO  org.hibernate.cfg.Environment - HHH000206: hibernate.properties not found
14:06:43.109 default [main] INFO  o.h.annotations.common.Version - HCANN000001: Hibernate Commons Annotations {5.0.4.Final}
14:06:43.532 default [main] INFO  org.hibernate.dialect.Dialect - HHH000400: Using dialect: org.hibernate.dialect.MySQL5Dialect
14:06:44.378 default [main] INFO  o.s.o.j.LocalContainerEntityManagerFactoryBean - Initialized JPA EntityManagerFactory for persistence unit 'default'
14:06:45.892 default [main] INFO  o.s.s.c.ThreadPoolTaskExecutor - Initializing ExecutorService 'applicationTaskExecutor'
14:06:45.997 default [main] WARN  o.s.b.a.o.j.JpaBaseConfiguration$JpaWebConfiguration$JpaWebMvcConfiguration - spring.jpa.open-in-view is enabled by default. Therefore, database queries may be performed during view rendering. Explicitly configure spring.jpa.open-in-view to disable this warning
14:06:46.202 default [main] INFO  o.s.b.a.w.s.WelcomePageHandlerMapping - Adding welcome page: class path resource [static/index.html]
14:06:46.701 default [main] INFO  c.c.sell.service.MyRepositoryTest - Started MyRepositoryTest in 6.779 seconds (JVM running for 8.314)
14:06:46.932 default [main] INFO  o.h.h.i.QueryTranslatorFactoryInitiator - HHH000397: Using ASTQueryTranslatorFactory
14:09:36.082 default [main] INFO  c.c.sell.service.MyRepositoryTest - Starting MyRepositoryTest on PC-201807051803 with PID 8860 (started by Administrator in E:\workspace\sell)
14:09:36.083 default [main] INFO  c.c.sell.service.MyRepositoryTest - The following profiles are active: dev
14:09:36.920 default [main] INFO  o.s.d.r.c.RepositoryConfigurationDelegate - Bootstrapping Spring Data repositories in DEFAULT mode.
14:09:37.006 default [main] INFO  o.s.d.r.c.RepositoryConfigurationDelegate - Finished Spring Data repository scanning in 74ms. Found 1 repository interfaces.
14:09:37.661 default [main] INFO  o.s.c.s.PostProcessorRegistrationDelegate$BeanPostProcessorChecker - Bean 'org.springframework.transaction.annotation.ProxyTransactionManagementConfiguration' of type [org.springframework.transaction.annotation.ProxyTransactionManagementConfiguration$$EnhancerBySpringCGLIB$$1216563d] is not eligible for getting processed by all BeanPostProcessors (for example: not eligible for auto-proxying)
14:09:37.954 default [main] INFO  com.zaxxer.hikari.HikariDataSource - HikariPool-1 - Starting...
14:09:38.257 default [main] INFO  com.zaxxer.hikari.HikariDataSource - HikariPool-1 - Start completed.
14:09:38.358 default [main] INFO  o.h.jpa.internal.util.LogHelper - HHH000204: Processing PersistenceUnitInfo [
	name: default
	...]
14:09:38.447 default [main] INFO  org.hibernate.Version - HHH000412: Hibernate Core {5.3.9.Final}
14:09:38.449 default [main] INFO  org.hibernate.cfg.Environment - HHH000206: hibernate.properties not found
14:09:38.646 default [main] INFO  o.h.annotations.common.Version - HCANN000001: Hibernate Commons Annotations {5.0.4.Final}
14:09:39.054 default [main] INFO  org.hibernate.dialect.Dialect - HHH000400: Using dialect: org.hibernate.dialect.MySQL5Dialect
14:09:39.795 default [main] INFO  o.s.o.j.LocalContainerEntityManagerFactoryBean - Initialized JPA EntityManagerFactory for persistence unit 'default'
14:09:40.916 default [main] INFO  o.s.s.c.ThreadPoolTaskExecutor - Initializing ExecutorService 'applicationTaskExecutor'
14:09:40.993 default [main] WARN  o.s.b.a.o.j.JpaBaseConfiguration$JpaWebConfiguration$JpaWebMvcConfiguration - spring.jpa.open-in-view is enabled by default. Therefore, database queries may be performed during view rendering. Explicitly configure spring.jpa.open-in-view to disable this warning
14:09:41.143 default [main] INFO  o.s.b.a.w.s.WelcomePageHandlerMapping - Adding welcome page: class path resource [static/index.html]
14:09:41.441 default [main] INFO  c.c.sell.service.MyRepositoryTest - Started MyRepositoryTest in 6.003 seconds (JVM running for 7.072)
14:09:41.606 default [main] INFO  o.h.h.i.QueryTranslatorFactoryInitiator - HHH000397: Using ASTQueryTranslatorFactory
14:09:41.788 default [Thread-2] INFO  o.s.s.c.ThreadPoolTaskExecutor - Shutting down ExecutorService 'applicationTaskExecutor'
14:09:41.790 default [Thread-2] INFO  o.s.o.j.LocalContainerEntityManagerFactoryBean - Closing JPA EntityManagerFactory for persistence unit 'default'
14:09:41.793 default [Thread-2] INFO  com.zaxxer.hikari.HikariDataSource - HikariPool-1 - Shutdown initiated...
14:09:41.798 default [Thread-2] INFO  com.zaxxer.hikari.HikariDataSource - HikariPool-1 - Shutdown completed.
14:09:55.742 default [HikariPool-1 housekeeper] WARN  com.zaxxer.hikari.pool.HikariPool - HikariPool-1 - Thread starvation or clock leap detected (housekeeper delta=3m12s905ms731µs56ns).
14:09:55.755 default [Thread-2] INFO  o.s.s.c.ThreadPoolTaskExecutor - Shutting down ExecutorService 'applicationTaskExecutor'
14:09:55.757 default [Thread-2] INFO  o.s.o.j.LocalContainerEntityManagerFactoryBean - Closing JPA EntityManagerFactory for persistence unit 'default'
14:09:55.761 default [Thread-2] INFO  com.zaxxer.hikari.HikariDataSource - HikariPool-1 - Shutdown initiated...
14:10:42.611 default [main] INFO  c.c.sell.service.MyRepositoryTest - Starting MyRepositoryTest on PC-201807051803 with PID 3136 (started by Administrator in E:\workspace\sell)
14:10:42.612 default [main] INFO  c.c.sell.service.MyRepositoryTest - The following profiles are active: dev
14:10:43.522 default [main] INFO  o.s.d.r.c.RepositoryConfigurationDelegate - Bootstrapping Spring Data repositories in DEFAULT mode.
14:10:43.598 default [main] INFO  o.s.d.r.c.RepositoryConfigurationDelegate - Finished Spring Data repository scanning in 66ms. Found 1 repository interfaces.
14:10:44.170 default [main] INFO  o.s.c.s.PostProcessorRegistrationDelegate$BeanPostProcessorChecker - Bean 'org.springframework.transaction.annotation.ProxyTransactionManagementConfiguration' of type [org.springframework.transaction.annotation.ProxyTransactionManagementConfiguration$$EnhancerBySpringCGLIB$$54631726] is not eligible for getting processed by all BeanPostProcessors (for example: not eligible for auto-proxying)
14:10:44.505 default [main] INFO  com.zaxxer.hikari.HikariDataSource - HikariPool-1 - Starting...
14:10:44.795 default [main] INFO  com.zaxxer.hikari.HikariDataSource - HikariPool-1 - Start completed.
14:10:44.889 default [main] INFO  o.h.jpa.internal.util.LogHelper - HHH000204: Processing PersistenceUnitInfo [
	name: default
	...]
14:10:44.990 default [main] INFO  org.hibernate.Version - HHH000412: Hibernate Core {5.3.9.Final}
14:10:44.992 default [main] INFO  org.hibernate.cfg.Environment - HHH000206: hibernate.properties not found
14:10:45.175 default [main] INFO  o.h.annotations.common.Version - HCANN000001: Hibernate Commons Annotations {5.0.4.Final}
14:10:45.583 default [main] INFO  org.hibernate.dialect.Dialect - HHH000400: Using dialect: org.hibernate.dialect.MySQL5Dialect
14:10:46.458 default [main] INFO  o.s.o.j.LocalContainerEntityManagerFactoryBean - Initialized JPA EntityManagerFactory for persistence unit 'default'
14:10:47.959 default [main] INFO  o.s.s.c.ThreadPoolTaskExecutor - Initializing ExecutorService 'applicationTaskExecutor'
14:10:48.060 default [main] WARN  o.s.b.a.o.j.JpaBaseConfiguration$JpaWebConfiguration$JpaWebMvcConfiguration - spring.jpa.open-in-view is enabled by default. Therefore, database queries may be performed during view rendering. Explicitly configure spring.jpa.open-in-view to disable this warning
14:10:48.275 default [main] INFO  o.s.b.a.w.s.WelcomePageHandlerMapping - Adding welcome page: class path resource [static/index.html]
14:10:48.686 default [main] INFO  c.c.sell.service.MyRepositoryTest - Started MyRepositoryTest in 6.699 seconds (JVM running for 7.987)
14:10:48.853 default [Thread-2] INFO  o.s.s.c.ThreadPoolTaskExecutor - Shutting down ExecutorService 'applicationTaskExecutor'
14:10:48.856 default [Thread-2] INFO  o.s.o.j.LocalContainerEntityManagerFactoryBean - Closing JPA EntityManagerFactory for persistence unit 'default'
14:10:48.864 default [Thread-2] INFO  com.zaxxer.hikari.HikariDataSource - HikariPool-1 - Shutdown initiated...
14:10:48.878 default [Thread-2] INFO  com.zaxxer.hikari.HikariDataSource - HikariPool-1 - Shutdown completed.
14:15:03.502 default [main] INFO  c.c.sell.service.MyRepositoryTest - Starting MyRepositoryTest on PC-201807051803 with PID 11452 (started by Administrator in E:\workspace\sell)
14:15:03.503 default [main] INFO  c.c.sell.service.MyRepositoryTest - The following profiles are active: dev
14:15:04.421 default [main] INFO  o.s.d.r.c.RepositoryConfigurationDelegate - Bootstrapping Spring Data repositories in DEFAULT mode.
14:15:04.491 default [main] INFO  o.s.d.r.c.RepositoryConfigurationDelegate - Finished Spring Data repository scanning in 59ms. Found 1 repository interfaces.
14:15:04.941 default [main] INFO  o.s.c.s.PostProcessorRegistrationDelegate$BeanPostProcessorChecker - Bean 'org.springframework.transaction.annotation.ProxyTransactionManagementConfiguration' of type [org.springframework.transaction.annotation.ProxyTransactionManagementConfiguration$$EnhancerBySpringCGLIB$$d0febfe8] is not eligible for getting processed by all BeanPostProcessors (for example: not eligible for auto-proxying)
14:15:05.191 default [main] INFO  com.zaxxer.hikari.HikariDataSource - HikariPool-1 - Starting...
14:15:05.366 default [main] INFO  com.zaxxer.hikari.HikariDataSource - HikariPool-1 - Start completed.
14:15:05.528 default [main] INFO  o.h.jpa.internal.util.LogHelper - HHH000204: Processing PersistenceUnitInfo [
	name: default
	...]
14:15:05.605 default [main] INFO  org.hibernate.Version - HHH000412: Hibernate Core {5.3.9.Final}
14:15:05.607 default [main] INFO  org.hibernate.cfg.Environment - HHH000206: hibernate.properties not found
14:15:05.782 default [main] INFO  o.h.annotations.common.Version - HCANN000001: Hibernate Commons Annotations {5.0.4.Final}
14:15:06.148 default [main] INFO  org.hibernate.dialect.Dialect - HHH000400: Using dialect: org.hibernate.dialect.MySQL5Dialect
14:15:06.654 default [main] INFO  o.s.o.j.LocalContainerEntityManagerFactoryBean - Initialized JPA EntityManagerFactory for persistence unit 'default'
14:15:07.823 default [main] INFO  o.s.s.c.ThreadPoolTaskExecutor - Initializing ExecutorService 'applicationTaskExecutor'
14:15:07.894 default [main] WARN  o.s.b.a.o.j.JpaBaseConfiguration$JpaWebConfiguration$JpaWebMvcConfiguration - spring.jpa.open-in-view is enabled by default. Therefore, database queries may be performed during view rendering. Explicitly configure spring.jpa.open-in-view to disable this warning
14:15:08.040 default [main] INFO  o.s.b.a.w.s.WelcomePageHandlerMapping - Adding welcome page: class path resource [static/index.html]
14:15:08.321 default [main] INFO  c.c.sell.service.MyRepositoryTest - Started MyRepositoryTest in 5.433 seconds (JVM running for 6.5)
14:15:08.542 default [Thread-2] INFO  o.s.s.c.ThreadPoolTaskExecutor - Shutting down ExecutorService 'applicationTaskExecutor'
14:15:08.544 default [Thread-2] INFO  o.s.o.j.LocalContainerEntityManagerFactoryBean - Closing JPA EntityManagerFactory for persistence unit 'default'
14:15:08.547 default [Thread-2] INFO  com.zaxxer.hikari.HikariDataSource - HikariPool-1 - Shutdown initiated...
14:15:08.552 default [Thread-2] INFO  com.zaxxer.hikari.HikariDataSource - HikariPool-1 - Shutdown completed.
14:16:49.644 default [main] INFO  c.c.sell.service.MyRepositoryTest - Starting MyRepositoryTest on PC-201807051803 with PID 2324 (started by Administrator in E:\workspace\sell)
14:16:49.645 default [main] INFO  c.c.sell.service.MyRepositoryTest - The following profiles are active: dev
14:16:50.390 default [main] INFO  o.s.d.r.c.RepositoryConfigurationDelegate - Bootstrapping Spring Data repositories in DEFAULT mode.
14:16:50.466 default [main] INFO  o.s.d.r.c.RepositoryConfigurationDelegate - Finished Spring Data repository scanning in 65ms. Found 1 repository interfaces.
14:16:50.960 default [main] INFO  o.s.c.s.PostProcessorRegistrationDelegate$BeanPostProcessorChecker - Bean 'org.springframework.transaction.annotation.ProxyTransactionManagementConfiguration' of type [org.springframework.transaction.annotation.ProxyTransactionManagementConfiguration$$EnhancerBySpringCGLIB$$8f36c1b5] is not eligible for getting processed by all BeanPostProcessors (for example: not eligible for auto-proxying)
14:16:51.199 default [main] INFO  com.zaxxer.hikari.HikariDataSource - HikariPool-1 - Starting...
14:16:51.457 default [main] INFO  com.zaxxer.hikari.HikariDataSource - HikariPool-1 - Start completed.
14:16:51.542 default [main] INFO  o.h.jpa.internal.util.LogHelper - HHH000204: Processing PersistenceUnitInfo [
	name: default
	...]
14:16:51.617 default [main] INFO  org.hibernate.Version - HHH000412: Hibernate Core {5.3.9.Final}
14:16:51.618 default [main] INFO  org.hibernate.cfg.Environment - HHH000206: hibernate.properties not found
14:16:51.810 default [main] INFO  o.h.annotations.common.Version - HCANN000001: Hibernate Commons Annotations {5.0.4.Final}
14:16:52.199 default [main] INFO  org.hibernate.dialect.Dialect - HHH000400: Using dialect: org.hibernate.dialect.MySQL5Dialect
14:16:52.702 default [main] INFO  o.s.o.j.LocalContainerEntityManagerFactoryBean - Initialized JPA EntityManagerFactory for persistence unit 'default'
14:16:53.843 default [main] INFO  o.s.s.c.ThreadPoolTaskExecutor - Initializing ExecutorService 'applicationTaskExecutor'
14:16:53.917 default [main] WARN  o.s.b.a.o.j.JpaBaseConfiguration$JpaWebConfiguration$JpaWebMvcConfiguration - spring.jpa.open-in-view is enabled by default. Therefore, database queries may be performed during view rendering. Explicitly configure spring.jpa.open-in-view to disable this warning
14:16:54.062 default [main] INFO  o.s.b.a.w.s.WelcomePageHandlerMapping - Adding welcome page: class path resource [static/index.html]
14:16:54.344 default [main] INFO  c.c.sell.service.MyRepositoryTest - Started MyRepositoryTest in 5.365 seconds (JVM running for 6.509)
14:16:54.535 default [Thread-2] INFO  o.s.s.c.ThreadPoolTaskExecutor - Shutting down ExecutorService 'applicationTaskExecutor'
14:16:54.536 default [Thread-2] INFO  o.s.o.j.LocalContainerEntityManagerFactoryBean - Closing JPA EntityManagerFactory for persistence unit 'default'
14:16:54.540 default [Thread-2] INFO  com.zaxxer.hikari.HikariDataSource - HikariPool-1 - Shutdown initiated...
14:16:54.545 default [Thread-2] INFO  com.zaxxer.hikari.HikariDataSource - HikariPool-1 - Shutdown completed.
14:20:59.710 default [main] INFO  c.c.sell.service.MyRepositoryTest - Starting MyRepositoryTest on PC-201807051803 with PID 3536 (started by Administrator in E:\workspace\sell)
14:20:59.713 default [main] INFO  c.c.sell.service.MyRepositoryTest - The following profiles are active: dev
14:21:00.506 default [main] INFO  o.s.d.r.c.RepositoryConfigurationDelegate - Bootstrapping Spring Data repositories in DEFAULT mode.
14:21:00.577 default [main] INFO  o.s.d.r.c.RepositoryConfigurationDelegate - Finished Spring Data repository scanning in 60ms. Found 1 repository interfaces.
14:21:01.093 default [main] INFO  o.s.c.s.PostProcessorRegistrationDelegate$BeanPostProcessorChecker - Bean 'org.springframework.transaction.annotation.ProxyTransactionManagementConfiguration' of type [org.springframework.transaction.annotation.ProxyTransactionManagementConfiguration$$EnhancerBySpringCGLIB$$4cfab67a] is not eligible for getting processed by all BeanPostProcessors (for example: not eligible for auto-proxying)
14:21:01.339 default [main] INFO  com.zaxxer.hikari.HikariDataSource - HikariPool-1 - Starting...
14:21:01.602 default [main] INFO  com.zaxxer.hikari.HikariDataSource - HikariPool-1 - Start completed.
14:21:01.684 default [main] INFO  o.h.jpa.internal.util.LogHelper - HHH000204: Processing PersistenceUnitInfo [
	name: default
	...]
14:21:01.762 default [main] INFO  org.hibernate.Version - HHH000412: Hibernate Core {5.3.9.Final}
14:21:01.763 default [main] INFO  org.hibernate.cfg.Environment - HHH000206: hibernate.properties not found
14:21:01.944 default [main] INFO  o.h.annotations.common.Version - HCANN000001: Hibernate Commons Annotations {5.0.4.Final}
14:21:02.359 default [main] INFO  org.hibernate.dialect.Dialect - HHH000400: Using dialect: org.hibernate.dialect.MySQL5Dialect
14:21:02.870 default [main] INFO  o.s.o.j.LocalContainerEntityManagerFactoryBean - Initialized JPA EntityManagerFactory for persistence unit 'default'
14:21:04.022 default [main] INFO  o.s.s.c.ThreadPoolTaskExecutor - Initializing ExecutorService 'applicationTaskExecutor'
14:21:04.102 default [main] WARN  o.s.b.a.o.j.JpaBaseConfiguration$JpaWebConfiguration$JpaWebMvcConfiguration - spring.jpa.open-in-view is enabled by default. Therefore, database queries may be performed during view rendering. Explicitly configure spring.jpa.open-in-view to disable this warning
14:21:04.247 default [main] INFO  o.s.b.a.w.s.WelcomePageHandlerMapping - Adding welcome page: class path resource [static/index.html]
14:21:04.540 default [main] INFO  c.c.sell.service.MyRepositoryTest - Started MyRepositoryTest in 5.458 seconds (JVM running for 6.526)
14:21:04.702 default [Thread-2] INFO  o.s.s.c.ThreadPoolTaskExecutor - Shutting down ExecutorService 'applicationTaskExecutor'
14:21:04.703 default [Thread-2] INFO  o.s.o.j.LocalContainerEntityManagerFactoryBean - Closing JPA EntityManagerFactory for persistence unit 'default'
14:21:04.706 default [Thread-2] INFO  com.zaxxer.hikari.HikariDataSource - HikariPool-1 - Shutdown initiated...
14:21:04.710 default [Thread-2] INFO  com.zaxxer.hikari.HikariDataSource - HikariPool-1 - Shutdown completed.
14:22:27.488 default [main] INFO  c.c.sell.service.MyRepositoryTest - Starting MyRepositoryTest on PC-201807051803 with PID 6976 (started by Administrator in E:\workspace\sell)
14:22:27.489 default [main] INFO  c.c.sell.service.MyRepositoryTest - The following profiles are active: dev
14:22:28.295 default [main] INFO  o.s.d.r.c.RepositoryConfigurationDelegate - Bootstrapping Spring Data repositories in DEFAULT mode.
14:22:28.373 default [main] INFO  o.s.d.r.c.RepositoryConfigurationDelegate - Finished Spring Data repository scanning in 68ms. Found 1 repository interfaces.
14:22:28.883 default [main] INFO  o.s.c.s.PostProcessorRegistrationDelegate$BeanPostProcessorChecker - Bean 'org.springframework.transaction.annotation.ProxyTransactionManagementConfiguration' of type [org.springframework.transaction.annotation.ProxyTransactionManagementConfiguration$$EnhancerBySpringCGLIB$$d671abf] is not eligible for getting processed by all BeanPostProcessors (for example: not eligible for auto-proxying)
14:22:29.143 default [main] INFO  com.zaxxer.hikari.HikariDataSource - HikariPool-1 - Starting...
14:22:29.405 default [main] INFO  com.zaxxer.hikari.HikariDataSource - HikariPool-1 - Start completed.
14:22:29.495 default [main] INFO  o.h.jpa.internal.util.LogHelper - HHH000204: Processing PersistenceUnitInfo [
	name: default
	...]
14:22:29.583 default [main] INFO  org.hibernate.Version - HHH000412: Hibernate Core {5.3.9.Final}
14:22:29.585 default [main] INFO  org.hibernate.cfg.Environment - HHH000206: hibernate.properties not found
14:22:29.769 default [main] INFO  o.h.annotations.common.Version - HCANN000001: Hibernate Commons Annotations {5.0.4.Final}
14:22:30.152 default [main] INFO  org.hibernate.dialect.Dialect - HHH000400: Using dialect: org.hibernate.dialect.MySQL5Dialect
14:22:30.910 default [main] INFO  o.s.o.j.LocalContainerEntityManagerFactoryBean - Initialized JPA EntityManagerFactory for persistence unit 'default'
14:22:32.078 default [main] INFO  o.s.s.c.ThreadPoolTaskExecutor - Initializing ExecutorService 'applicationTaskExecutor'
14:22:32.149 default [main] WARN  o.s.b.a.o.j.JpaBaseConfiguration$JpaWebConfiguration$JpaWebMvcConfiguration - spring.jpa.open-in-view is enabled by default. Therefore, database queries may be performed during view rendering. Explicitly configure spring.jpa.open-in-view to disable this warning
14:22:32.284 default [main] INFO  o.s.b.a.w.s.WelcomePageHandlerMapping - Adding welcome page: class path resource [static/index.html]
14:22:32.567 default [main] INFO  c.c.sell.service.MyRepositoryTest - Started MyRepositoryTest in 5.738 seconds (JVM running for 6.783)
14:22:32.687 default [Thread-2] INFO  o.s.s.c.ThreadPoolTaskExecutor - Shutting down ExecutorService 'applicationTaskExecutor'
14:22:32.688 default [Thread-2] INFO  o.s.o.j.LocalContainerEntityManagerFactoryBean - Closing JPA EntityManagerFactory for persistence unit 'default'
14:22:32.691 default [Thread-2] INFO  com.zaxxer.hikari.HikariDataSource - HikariPool-1 - Shutdown initiated...
14:22:32.701 default [Thread-2] INFO  com.zaxxer.hikari.HikariDataSource - HikariPool-1 - Shutdown completed.
15:26:30.962 default [main] INFO  c.c.sell.repository.MyRepositoryTest - Starting MyRepositoryTest on PC-201807051803 with PID 1708 (started by Administrator in E:\workspace\sell)
15:26:30.963 default [main] INFO  c.c.sell.repository.MyRepositoryTest - The following profiles are active: dev
15:26:31.827 default [main] INFO  o.s.d.r.c.RepositoryConfigurationDelegate - Bootstrapping Spring Data repositories in DEFAULT mode.
15:26:31.897 default [main] INFO  o.s.d.r.c.RepositoryConfigurationDelegate - Finished Spring Data repository scanning in 60ms. Found 1 repository interfaces.
15:26:32.358 default [main] INFO  o.s.c.s.PostProcessorRegistrationDelegate$BeanPostProcessorChecker - Bean 'org.springframework.transaction.annotation.ProxyTransactionManagementConfiguration' of type [org.springframework.transaction.annotation.ProxyTransactionManagementConfiguration$$EnhancerBySpringCGLIB$$4cfab67a] is not eligible for getting processed by all BeanPostProcessors (for example: not eligible for auto-proxying)
15:26:32.617 default [main] INFO  com.zaxxer.hikari.HikariDataSource - HikariPool-1 - Starting...
15:26:32.926 default [main] INFO  com.zaxxer.hikari.HikariDataSource - HikariPool-1 - Start completed.
15:26:33.023 default [main] INFO  o.h.jpa.internal.util.LogHelper - HHH000204: Processing PersistenceUnitInfo [
	name: default
	...]
15:26:33.115 default [main] INFO  org.hibernate.Version - HHH000412: Hibernate Core {5.3.9.Final}
15:26:33.117 default [main] INFO  org.hibernate.cfg.Environment - HHH000206: hibernate.properties not found
15:26:33.282 default [main] INFO  o.h.annotations.common.Version - HCANN000001: Hibernate Commons Annotations {5.0.4.Final}
15:26:33.660 default [main] INFO  org.hibernate.dialect.Dialect - HHH000400: Using dialect: org.hibernate.dialect.MySQL5Dialect
15:26:34.217 default [main] INFO  o.s.o.j.LocalContainerEntityManagerFactoryBean - Initialized JPA EntityManagerFactory for persistence unit 'default'
15:26:35.908 default [main] INFO  o.s.s.c.ThreadPoolTaskExecutor - Initializing ExecutorService 'applicationTaskExecutor'
15:26:36.013 default [main] WARN  o.s.b.a.o.j.JpaBaseConfiguration$JpaWebConfiguration$JpaWebMvcConfiguration - spring.jpa.open-in-view is enabled by default. Therefore, database queries may be performed during view rendering. Explicitly configure spring.jpa.open-in-view to disable this warning
15:26:36.153 default [main] INFO  o.s.b.a.w.s.WelcomePageHandlerMapping - Adding welcome page: class path resource [static/index.html]
15:26:36.440 default [main] INFO  c.c.sell.repository.MyRepositoryTest - Started MyRepositoryTest in 6.274 seconds (JVM running for 7.959)
15:26:36.592 default [main] INFO  o.h.h.i.QueryTranslatorFactoryInitiator - HHH000397: Using ASTQueryTranslatorFactory
15:26:36.874 default [Thread-2] INFO  o.s.s.c.ThreadPoolTaskExecutor - Shutting down ExecutorService 'applicationTaskExecutor'
15:26:36.876 default [Thread-2] INFO  o.s.o.j.LocalContainerEntityManagerFactoryBean - Closing JPA EntityManagerFactory for persistence unit 'default'
15:26:36.880 default [Thread-2] INFO  com.zaxxer.hikari.HikariDataSource - HikariPool-1 - Shutdown initiated...
15:26:36.890 default [Thread-2] INFO  com.zaxxer.hikari.HikariDataSource - HikariPool-1 - Shutdown completed.
15:29:37.121 default [main] INFO  c.c.sell.repository.MyRepositoryTest - Starting MyRepositoryTest on PC-201807051803 with PID 11968 (started by Administrator in E:\workspace\sell)
15:29:37.122 default [main] INFO  c.c.sell.repository.MyRepositoryTest - The following profiles are active: dev
15:29:38.065 default [main] INFO  o.s.d.r.c.RepositoryConfigurationDelegate - Bootstrapping Spring Data repositories in DEFAULT mode.
15:29:38.152 default [main] INFO  o.s.d.r.c.RepositoryConfigurationDelegate - Finished Spring Data repository scanning in 76ms. Found 1 repository interfaces.
15:29:38.802 default [main] INFO  o.s.c.s.PostProcessorRegistrationDelegate$BeanPostProcessorChecker - Bean 'org.springframework.transaction.annotation.ProxyTransactionManagementConfiguration' of type [org.springframework.transaction.annotation.ProxyTransactionManagementConfiguration$$EnhancerBySpringCGLIB$$52e17d94] is not eligible for getting processed by all BeanPostProcessors (for example: not eligible for auto-proxying)
15:29:39.157 default [main] INFO  com.zaxxer.hikari.HikariDataSource - HikariPool-1 - Starting...
15:29:39.454 default [main] INFO  com.zaxxer.hikari.HikariDataSource - HikariPool-1 - Start completed.
15:29:39.545 default [main] INFO  o.h.jpa.internal.util.LogHelper - HHH000204: Processing PersistenceUnitInfo [
	name: default
	...]
15:29:39.627 default [main] INFO  org.hibernate.Version - HHH000412: Hibernate Core {5.3.9.Final}
15:29:39.628 default [main] INFO  org.hibernate.cfg.Environment - HHH000206: hibernate.properties not found
15:29:39.819 default [main] INFO  o.h.annotations.common.Version - HCANN000001: Hibernate Commons Annotations {5.0.4.Final}
15:29:40.254 default [main] INFO  org.hibernate.dialect.Dialect - HHH000400: Using dialect: org.hibernate.dialect.MySQL5Dialect
15:29:40.859 default [main] INFO  o.s.o.j.LocalContainerEntityManagerFactoryBean - Initialized JPA EntityManagerFactory for persistence unit 'default'
15:29:42.464 default [main] INFO  o.s.s.c.ThreadPoolTaskExecutor - Initializing ExecutorService 'applicationTaskExecutor'
15:29:42.566 default [main] WARN  o.s.b.a.o.j.JpaBaseConfiguration$JpaWebConfiguration$JpaWebMvcConfiguration - spring.jpa.open-in-view is enabled by default. Therefore, database queries may be performed during view rendering. Explicitly configure spring.jpa.open-in-view to disable this warning
15:29:42.812 default [main] INFO  o.s.b.a.w.s.WelcomePageHandlerMapping - Adding welcome page: class path resource [static/index.html]
15:29:43.349 default [main] INFO  c.c.sell.repository.MyRepositoryTest - Started MyRepositoryTest in 7.021 seconds (JVM running for 8.728)
15:29:57.520 default [main] INFO  o.h.h.i.QueryTranslatorFactoryInitiator - HHH000397: Using ASTQueryTranslatorFactory
15:30:38.206 default [HikariPool-1 housekeeper] WARN  com.zaxxer.hikari.pool.HikariPool - HikariPool-1 - Thread starvation or clock leap detected (housekeeper delta=58s649ms780µs206ns).
15:30:38.226 default [Thread-2] INFO  o.s.s.c.ThreadPoolTaskExecutor - Shutting down ExecutorService 'applicationTaskExecutor'
15:30:38.228 default [Thread-2] INFO  o.s.o.j.LocalContainerEntityManagerFactoryBean - Closing JPA EntityManagerFactory for persistence unit 'default'
15:30:38.230 default [Thread-2] INFO  com.zaxxer.hikari.HikariDataSource - HikariPool-1 - Shutdown initiated...
15:30:38.239 default [Thread-2] INFO  com.zaxxer.hikari.HikariDataSource - HikariPool-1 - Shutdown completed.
15:30:41.840 default [main] INFO  c.c.sell.repository.MyRepositoryTest - Starting MyRepositoryTest on PC-201807051803 with PID 3592 (started by Administrator in E:\workspace\sell)
15:30:41.841 default [main] INFO  c.c.sell.repository.MyRepositoryTest - The following profiles are active: dev
15:30:42.721 default [main] INFO  o.s.d.r.c.RepositoryConfigurationDelegate - Bootstrapping Spring Data repositories in DEFAULT mode.
15:30:42.795 default [main] INFO  o.s.d.r.c.RepositoryConfigurationDelegate - Finished Spring Data repository scanning in 64ms. Found 1 repository interfaces.
15:30:43.351 default [main] INFO  o.s.c.s.PostProcessorRegistrationDelegate$BeanPostProcessorChecker - Bean 'org.springframework.transaction.annotation.ProxyTransactionManagementConfiguration' of type [org.springframework.transaction.annotation.ProxyTransactionManagementConfiguration$$EnhancerBySpringCGLIB$$7ec58df5] is not eligible for getting processed by all BeanPostProcessors (for example: not eligible for auto-proxying)
15:30:43.629 default [main] INFO  com.zaxxer.hikari.HikariDataSource - HikariPool-1 - Starting...
15:30:43.930 default [main] INFO  com.zaxxer.hikari.HikariDataSource - HikariPool-1 - Start completed.
15:30:44.020 default [main] INFO  o.h.jpa.internal.util.LogHelper - HHH000204: Processing PersistenceUnitInfo [
	name: default
	...]
15:30:44.101 default [main] INFO  org.hibernate.Version - HHH000412: Hibernate Core {5.3.9.Final}
15:30:44.102 default [main] INFO  org.hibernate.cfg.Environment - HHH000206: hibernate.properties not found
15:30:44.296 default [main] INFO  o.h.annotations.common.Version - HCANN000001: Hibernate Commons Annotations {5.0.4.Final}
15:30:44.707 default [main] INFO  org.hibernate.dialect.Dialect - HHH000400: Using dialect: org.hibernate.dialect.MySQL5Dialect
15:30:45.316 default [main] INFO  o.s.o.j.LocalContainerEntityManagerFactoryBean - Initialized JPA EntityManagerFactory for persistence unit 'default'
15:30:46.899 default [main] INFO  o.s.s.c.ThreadPoolTaskExecutor - Initializing ExecutorService 'applicationTaskExecutor'
15:30:47.001 default [main] WARN  o.s.b.a.o.j.JpaBaseConfiguration$JpaWebConfiguration$JpaWebMvcConfiguration - spring.jpa.open-in-view is enabled by default. Therefore, database queries may be performed during view rendering. Explicitly configure spring.jpa.open-in-view to disable this warning
15:30:47.201 default [main] INFO  o.s.b.a.w.s.WelcomePageHandlerMapping - Adding welcome page: class path resource [static/index.html]
15:30:47.596 default [main] INFO  c.c.sell.repository.MyRepositoryTest - Started MyRepositoryTest in 6.384 seconds (JVM running for 7.951)
15:30:52.484 default [main] INFO  o.h.h.i.QueryTranslatorFactoryInitiator - HHH000397: Using ASTQueryTranslatorFactory
15:32:16.360 default [HikariPool-1 housekeeper] WARN  com.zaxxer.hikari.pool.HikariPool - HikariPool-1 - Thread starvation or clock leap detected (housekeeper delta=1m1s580ms472µs367ns).
15:32:16.371 default [Thread-2] INFO  o.s.s.c.ThreadPoolTaskExecutor - Shutting down ExecutorService 'applicationTaskExecutor'
15:32:16.372 default [Thread-2] INFO  o.s.o.j.LocalContainerEntityManagerFactoryBean - Closing JPA EntityManagerFactory for persistence unit 'default'
15:32:16.376 default [Thread-2] INFO  com.zaxxer.hikari.HikariDataSource - HikariPool-1 - Shutdown initiated...
15:32:16.383 default [Thread-2] INFO  com.zaxxer.hikari.HikariDataSource - HikariPool-1 - Shutdown completed.
15:32:48.615 default [main] INFO  c.c.sell.repository.MyRepositoryTest - Starting MyRepositoryTest on PC-201807051803 with PID 7624 (started by Administrator in E:\workspace\sell)
15:32:48.616 default [main] INFO  c.c.sell.repository.MyRepositoryTest - The following profiles are active: dev
15:32:49.472 default [main] INFO  o.s.d.r.c.RepositoryConfigurationDelegate - Bootstrapping Spring Data repositories in DEFAULT mode.
15:32:49.548 default [main] INFO  o.s.d.r.c.RepositoryConfigurationDelegate - Finished Spring Data repository scanning in 65ms. Found 1 repository interfaces.
15:32:50.111 default [main] INFO  o.s.c.s.PostProcessorRegistrationDelegate$BeanPostProcessorChecker - Bean 'org.springframework.transaction.annotation.ProxyTransactionManagementConfiguration' of type [org.springframework.transaction.annotation.ProxyTransactionManagementConfiguration$$EnhancerBySpringCGLIB$$3cdbacb9] is not eligible for getting processed by all BeanPostProcessors (for example: not eligible for auto-proxying)
15:32:50.394 default [main] INFO  com.zaxxer.hikari.HikariDataSource - HikariPool-1 - Starting...
15:32:50.694 default [main] INFO  com.zaxxer.hikari.HikariDataSource - HikariPool-1 - Start completed.
15:32:50.783 default [main] INFO  o.h.jpa.internal.util.LogHelper - HHH000204: Processing PersistenceUnitInfo [
	name: default
	...]
15:32:50.868 default [main] INFO  org.hibernate.Version - HHH000412: Hibernate Core {5.3.9.Final}
15:32:50.870 default [main] INFO  org.hibernate.cfg.Environment - HHH000206: hibernate.properties not found
15:32:51.072 default [main] INFO  o.h.annotations.common.Version - HCANN000001: Hibernate Commons Annotations {5.0.4.Final}
15:32:51.503 default [main] INFO  org.hibernate.dialect.Dialect - HHH000400: Using dialect: org.hibernate.dialect.MySQL5Dialect
15:32:52.110 default [main] INFO  o.s.o.j.LocalContainerEntityManagerFactoryBean - Initialized JPA EntityManagerFactory for persistence unit 'default'
15:32:53.676 default [main] INFO  o.s.s.c.ThreadPoolTaskExecutor - Initializing ExecutorService 'applicationTaskExecutor'
15:32:53.770 default [main] WARN  o.s.b.a.o.j.JpaBaseConfiguration$JpaWebConfiguration$JpaWebMvcConfiguration - spring.jpa.open-in-view is enabled by default. Therefore, database queries may be performed during view rendering. Explicitly configure spring.jpa.open-in-view to disable this warning
15:32:53.974 default [main] INFO  o.s.b.a.w.s.WelcomePageHandlerMapping - Adding welcome page: class path resource [static/index.html]
15:32:54.371 default [main] INFO  c.c.sell.repository.MyRepositoryTest - Started MyRepositoryTest in 6.338 seconds (JVM running for 7.598)
15:32:57.007 default [main] INFO  o.h.h.i.QueryTranslatorFactoryInitiator - HHH000397: Using ASTQueryTranslatorFactory
15:33:12.947 default [Thread-2] INFO  o.s.s.c.ThreadPoolTaskExecutor - Shutting down ExecutorService 'applicationTaskExecutor'
15:33:12.949 default [Thread-2] INFO  o.s.o.j.LocalContainerEntityManagerFactoryBean - Closing JPA EntityManagerFactory for persistence unit 'default'
15:33:12.953 default [Thread-2] INFO  com.zaxxer.hikari.HikariDataSource - HikariPool-1 - Shutdown initiated...
15:33:12.968 default [Thread-2] INFO  com.zaxxer.hikari.HikariDataSource - HikariPool-1 - Shutdown completed.
15:40:27.047 default [main] INFO  c.c.sell.repository.MyRepositoryTest - Starting MyRepositoryTest on PC-201807051803 with PID 8980 (started by Administrator in E:\workspace\sell)
15:40:27.048 default [main] INFO  c.c.sell.repository.MyRepositoryTest - The following profiles are active: dev
15:40:27.845 default [main] INFO  o.s.d.r.c.RepositoryConfigurationDelegate - Bootstrapping Spring Data repositories in DEFAULT mode.
15:40:27.916 default [main] INFO  o.s.d.r.c.RepositoryConfigurationDelegate - Finished Spring Data repository scanning in 61ms. Found 1 repository interfaces.
15:40:28.422 default [main] INFO  o.s.c.s.PostProcessorRegistrationDelegate$BeanPostProcessorChecker - Bean 'org.springframework.transaction.annotation.ProxyTransactionManagementConfiguration' of type [org.springframework.transaction.annotation.ProxyTransactionManagementConfiguration$$EnhancerBySpringCGLIB$$7e6d554f] is not eligible for getting processed by all BeanPostProcessors (for example: not eligible for auto-proxying)
15:40:28.693 default [main] INFO  com.zaxxer.hikari.HikariDataSource - HikariPool-1 - Starting...
15:40:28.954 default [main] INFO  com.zaxxer.hikari.HikariDataSource - HikariPool-1 - Start completed.
15:40:29.042 default [main] INFO  o.h.jpa.internal.util.LogHelper - HHH000204: Processing PersistenceUnitInfo [
	name: default
	...]
15:40:29.122 default [main] INFO  org.hibernate.Version - HHH000412: Hibernate Core {5.3.9.Final}
15:40:29.124 default [main] INFO  org.hibernate.cfg.Environment - HHH000206: hibernate.properties not found
15:40:29.307 default [main] INFO  o.h.annotations.common.Version - HCANN000001: Hibernate Commons Annotations {5.0.4.Final}
15:40:29.692 default [main] INFO  org.hibernate.dialect.Dialect - HHH000400: Using dialect: org.hibernate.dialect.MySQL5Dialect
15:40:30.399 default [main] INFO  o.s.o.j.LocalContainerEntityManagerFactoryBean - Initialized JPA EntityManagerFactory for persistence unit 'default'
15:40:31.616 default [main] INFO  o.s.s.c.ThreadPoolTaskExecutor - Initializing ExecutorService 'applicationTaskExecutor'
15:40:31.684 default [main] WARN  o.s.b.a.o.j.JpaBaseConfiguration$JpaWebConfiguration$JpaWebMvcConfiguration - spring.jpa.open-in-view is enabled by default. Therefore, database queries may be performed during view rendering. Explicitly configure spring.jpa.open-in-view to disable this warning
15:40:31.827 default [main] INFO  o.s.b.a.w.s.WelcomePageHandlerMapping - Adding welcome page: class path resource [static/index.html]
15:40:32.108 default [main] INFO  c.c.sell.repository.MyRepositoryTest - Started MyRepositoryTest in 5.812 seconds (JVM running for 6.953)
15:40:32.209 default [main] INFO  o.h.h.i.QueryTranslatorFactoryInitiator - HHH000397: Using ASTQueryTranslatorFactory
15:40:32.623 default [Thread-2] INFO  o.s.s.c.ThreadPoolTaskExecutor - Shutting down ExecutorService 'applicationTaskExecutor'
15:40:32.627 default [Thread-2] INFO  o.s.o.j.LocalContainerEntityManagerFactoryBean - Closing JPA EntityManagerFactory for persistence unit 'default'
15:40:32.630 default [Thread-2] INFO  com.zaxxer.hikari.HikariDataSource - HikariPool-1 - Shutdown initiated...
15:40:32.637 default [Thread-2] INFO  com.zaxxer.hikari.HikariDataSource - HikariPool-1 - Shutdown completed.
